Sep-16 12:23:02.489 [main] DEBUG nextflow.cli.Launcher - $> nextflow run task_solution.nf -profile singularity
Sep-16 12:23:02.766 [main] INFO  nextflow.cli.CmdRun - N E X T F L O W  ~  version 21.10.6
Sep-16 12:23:02.808 [main] INFO  nextflow.cli.CmdRun - Launching `task_solution.nf` [happy_majorana] - revision: 4a6c0ac82b
Sep-16 12:23:02.975 [main] DEBUG nextflow.plugin.PluginsFacade - Setting up plugin manager > mode=prod; plugins-dir=/home/cq/.nextflow/plugins
Sep-16 12:23:02.978 [main] DEBUG nextflow.plugin.PluginsFacade - Plugins default=[]
Sep-16 12:23:03.000 [main] INFO  org.pf4j.DefaultPluginStatusProvider - Enabled plugins: []
Sep-16 12:23:03.002 [main] INFO  org.pf4j.DefaultPluginStatusProvider - Disabled plugins: []
Sep-16 12:23:03.012 [main] INFO  org.pf4j.DefaultPluginManager - PF4J version 3.4.1 in 'deployment' mode
Sep-16 12:23:03.034 [main] INFO  org.pf4j.AbstractPluginManager - No plugins
Sep-16 12:23:03.171 [main] DEBUG nextflow.Session - Session uuid: 64c599b0-a37e-441e-81e7-caab7f01ca14
Sep-16 12:23:03.171 [main] DEBUG nextflow.Session - Run name: happy_majorana
Sep-16 12:23:03.177 [main] DEBUG nextflow.Session - Executor pool size: 4
Sep-16 12:23:03.264 [main] DEBUG nextflow.cli.CmdRun - 
  Version: 21.10.6 build 5660
  Created: 21-12-2021 16:55 UTC (17:55 CEST)
  System: Linux 5.15.0-46-generic
  Runtime: Groovy 3.0.9 on OpenJDK 64-Bit Server VM 11.0.16+8-post-Ubuntu-0ubuntu120.04
  Encoding: UTF-8 (UTF-8)
  Process: 13742@bioinfobox [127.0.1.1]
  CPUs: 4 - Mem: 1.9 GB (203.4 MB) - Swap: 923.3 MB (520.6 MB)
Sep-16 12:23:03.309 [main] DEBUG nextflow.Session - Work-dir: /home/cq/nextflow_example/NGS_LEKs/work [ext2/ext3]
Sep-16 12:23:03.309 [main] DEBUG nextflow.Session - Script base path does not exist or is not a directory: /home/cq/nextflow_example/NGS_LEKs/bin
Sep-16 12:23:03.324 [main] DEBUG nextflow.executor.ExecutorFactory - Extension executors providers=[]
Sep-16 12:23:03.345 [main] DEBUG nextflow.Session - Observer factory: DefaultObserverFactory
Sep-16 12:23:03.417 [main] DEBUG nextflow.util.CustomThreadPool - Creating default thread pool > poolSize: 5; maxThreads: 1000
Sep-16 12:23:03.560 [main] DEBUG nextflow.Session - Session start invoked
Sep-16 12:23:05.542 [main] DEBUG nextflow.script.ScriptRunner - > Launching execution
Sep-16 12:23:05.794 [main] DEBUG nextflow.executor.ExecutorFactory - << taskConfig executor: null
Sep-16 12:23:05.795 [main] DEBUG nextflow.executor.ExecutorFactory - >> processorType: 'local'
Sep-16 12:23:05.806 [main] DEBUG nextflow.executor.Executor - [warm up] executor > local
Sep-16 12:23:05.818 [main] DEBUG n.processor.LocalPollingMonitor - Creating local task monitor for executor 'local' > cpus=4; memory=1.9 GB; capacity=4; pollInterval=100ms; dumpInterval=5m
Sep-16 12:23:05.874 [main] DEBUG nextflow.util.CustomThreadPool - Creating default thread pool > poolSize: 5; maxThreads: 1000
Sep-16 12:23:06.064 [main] DEBUG nextflow.executor.ExecutorFactory - << taskConfig executor: null
Sep-16 12:23:06.065 [main] DEBUG nextflow.executor.ExecutorFactory - >> processorType: 'local'
Sep-16 12:23:06.083 [main] DEBUG nextflow.executor.ExecutorFactory - << taskConfig executor: null
Sep-16 12:23:06.083 [main] DEBUG nextflow.executor.ExecutorFactory - >> processorType: 'local'
Sep-16 12:23:06.093 [main] DEBUG nextflow.executor.ExecutorFactory - << taskConfig executor: null
Sep-16 12:23:06.093 [main] DEBUG nextflow.executor.ExecutorFactory - >> processorType: 'local'
Sep-16 12:23:06.104 [main] DEBUG nextflow.executor.ExecutorFactory - << taskConfig executor: null
Sep-16 12:23:06.104 [main] DEBUG nextflow.executor.ExecutorFactory - >> processorType: 'local'
Sep-16 12:23:06.113 [main] DEBUG nextflow.Session - Workflow process names [dsl2]: allData, combined_fasta, trimal, mafftAlignment, downloadFileGB
Sep-16 12:23:06.114 [main] DEBUG nextflow.Session - Ignite dataflow network (5)
Sep-16 12:23:06.114 [main] DEBUG nextflow.processor.TaskProcessor - Starting process > downloadFileGB
Sep-16 12:23:06.118 [main] DEBUG nextflow.processor.TaskProcessor - Starting process > combined_fasta
Sep-16 12:23:06.126 [main] DEBUG nextflow.processor.TaskProcessor - Starting process > allData
Sep-16 12:23:06.127 [main] DEBUG nextflow.processor.TaskProcessor - Starting process > mafftAlignment
Sep-16 12:23:06.128 [main] DEBUG nextflow.processor.TaskProcessor - Starting process > trimal
Sep-16 12:23:06.132 [main] DEBUG nextflow.script.ScriptRunner - > Await termination 
Sep-16 12:23:06.133 [main] DEBUG nextflow.Session - Session await
Sep-16 12:23:06.377 [Actor Thread 5] INFO  nextflow.processor.TaskProcessor - [skipping] Stored process > downloadFileGB
Sep-16 12:23:06.501 [Actor Thread 5] DEBUG n.util.BlockingThreadExecutorFactory - Thread pool name=FileTransfer; maxThreads=12; maxQueueSize=36; keepAlive=1m
Sep-16 12:23:06.596 [Task submitter] DEBUG nextflow.executor.LocalTaskHandler - Launch cmd line: /bin/bash -ue .command.run
Sep-16 12:23:06.608 [Task submitter] INFO  nextflow.Session - [4a/8eb024] Submitted process > combined_fasta
Sep-16 12:23:07.462 [Task monitor] DEBUG n.processor.TaskPollingMonitor - Task completed > TaskHandler[id: 1; name: combined_fasta; status: COMPLETED; exit: 0; error: -; workDir: /home/cq/nextflow_example/NGS_LEKs/work/4a/8eb024a1dc94df4d7d51f6febc0442]
Sep-16 12:23:07.594 [Task submitter] DEBUG nextflow.executor.LocalTaskHandler - Launch cmd line: /bin/bash -ue .command.run
Sep-16 12:23:07.603 [Task submitter] INFO  nextflow.Session - [57/05f5dc] Submitted process > allData
Sep-16 12:23:07.677 [Task monitor] DEBUG n.processor.TaskPollingMonitor - Task completed > TaskHandler[id: 3; name: allData; status: COMPLETED; exit: 0; error: -; workDir: /home/cq/nextflow_example/NGS_LEKs/work/57/05f5dc3a44e774a6bc284e49ad001d]
Sep-16 12:23:07.737 [Task submitter] DEBUG nextflow.executor.LocalTaskHandler - Launch cmd line: /bin/bash -ue .command.run
Sep-16 12:23:07.741 [Task submitter] INFO  nextflow.Session - [98/d77fd2] Submitted process > mafftAlignment
Sep-16 12:23:08.136 [Task monitor] DEBUG n.processor.TaskPollingMonitor - Task completed > TaskHandler[id: 4; name: mafftAlignment; status: COMPLETED; exit: 0; error: -; workDir: /home/cq/nextflow_example/NGS_LEKs/work/98/d77fd21e1a24ecb4db270cf80701ee]
Sep-16 12:23:08.165 [Task submitter] DEBUG nextflow.executor.LocalTaskHandler - Launch cmd line: /bin/bash -ue .command.run
Sep-16 12:23:08.171 [Task submitter] INFO  nextflow.Session - [09/417a17] Submitted process > trimal
Sep-16 12:23:08.213 [Task monitor] DEBUG n.processor.TaskPollingMonitor - Task completed > TaskHandler[id: 5; name: trimal; status: COMPLETED; exit: 127; error: -; workDir: /home/cq/nextflow_example/NGS_LEKs/work/09/417a1798b2c92c5d12fcd0a340b185]
Sep-16 12:23:08.301 [Task monitor] ERROR nextflow.processor.TaskProcessor - Error executing process > 'trimal'

Caused by:
  Process `trimal` terminated with an error exit status (127)

Command executed:

  trimal -in all_align.fasta -out trim_align.fasta -htmlout trim_align.html -automated1

Command exit status:
  127

Command output:
  (empty)

Command error:
  .command.sh: line 2: trimal: command not found

Work dir:
  /home/cq/nextflow_example/NGS_LEKs/work/09/417a1798b2c92c5d12fcd0a340b185

Tip: view the complete command output by changing to the process work dir and entering the command `cat .command.out`
Sep-16 12:23:08.311 [main] DEBUG nextflow.Session - Session await > all process finished
Sep-16 12:23:08.312 [Task monitor] DEBUG nextflow.Session - Session aborted -- Cause: Process `trimal` terminated with an error exit status (127)
Sep-16 12:23:08.353 [main] DEBUG nextflow.Session - Session await > all barriers passed
Sep-16 12:23:08.388 [main] DEBUG nextflow.trace.WorkflowStatsObserver - Workflow completed > WorkflowStats[succeededCount=3; failedCount=1; ignoredCount=0; cachedCount=0; pendingCount=0; submittedCount=0; runningCount=0; retriesCount=0; abortedCount=0; succeedDuration=1.2s; failedDuration=3ms; cachedDuration=0ms;loadCpus=0; loadMemory=0; peakRunning=1; peakCpus=1; peakMemory=0; ]
Sep-16 12:23:08.530 [main] DEBUG nextflow.CacheDB - Closing CacheDB done
Sep-16 12:23:08.567 [main] DEBUG nextflow.script.ScriptRunner - > Execution complete -- Goodbye
